ERROR:    | 2023-12-03 17:18:00 | {'user_id': 0, 'role': 'unknown', 'msg': 'Email 1@5.de bereits vergeben'}
INFO:     | 2023-12-03 17:18:18 | {'user_id': 19, 'role': 'Admin', 'msg': 'User registered'}
INFO:     | 2023-12-08 15:11:50 | {'adresse_id': 33, 'msg': 'Adresse created'}
INFO:     | 2023-12-08 15:12:02 | {'adresse_id': 34, 'msg': 'Adresse created'}
INFO:     | 2023-12-08 15:12:12 | {'adresse_id': 35, 'msg': 'Adresse created'}
INFO:     | 2023-12-08 15:12:40 | {'adresse_id': 36, 'msg': 'Adresse created'}
INFO:     | 2023-12-08 15:15:06 | {'adresse_id': 37, 'msg': 'Adresse created'}
INFO:     | 2023-12-08 15:15:28 | {'adresse_id': 38, 'msg': 'Adresse created'}
INFO:     | 2023-12-08 15:16:13 | {'adresse_id': 39, 'msg': 'Adresse created'}
INFO:     | 2023-12-08 15:16:54 | {'adresse_id': 40, 'msg': 'Adresse created'}
INFO:     | 2023-12-08 15:17:01 | {'adresse_id': 41, 'msg': 'Adresse created'}
INFO:     | 2023-12-08 15:17:26 | {'adresse_id': 42, 'msg': 'Adresse created'}
INFO:     | 2023-12-08 15:17:26 | {'user_id': 20, 'role': 'Netzbetreiber', 'msg': 'User registered'}
INFO:     | 2023-12-08 18:20:07 | {'adresse_id': 43, 'msg': 'Adresse created'}
INFO:     | 2023-12-08 18:20:07 | {'user_id': 21, 'role': 'Netzbetreiber', 'msg': 'User registered'}
INFO:     | 2023-12-08 23:19:59 | {'adresse_id': 44, 'msg': 'Adresse created'}
INFO:     | 2023-12-08 23:19:59 | {'user_id': 22, 'role': 'Admin', 'msg': 'User registered'}
INFO:     | 2023-12-09 11:05:59 | {'adresse_id': 45, 'msg': 'Adresse created'}
INFO:     | 2023-12-09 11:05:59 | {'user_id': 23, 'role': 'Admin', 'msg': 'User registered'}
INFO:     | 2023-12-09 11:06:24 | {'adresse_id': 46, 'msg': 'Adresse created'}
ERROR:    | 2023-12-09 11:06:24 | {'user_id': 0, 'role': 'unknown', 'msg': 'Email 12@234.de bereits vergeben'}
INFO:     | 2023-12-09 11:08:44 | {'adresse_id': 47, 'msg': 'Adresse created'}
INFO:     | 2023-12-09 11:09:16 | {'adresse_id': 48, 'msg': 'Adresse created'}
ERROR:    | 2023-12-09 11:09:16 | {'user_id': 0, 'role': 'unknown', 'msg': 'Email 12@23.de bereits vergeben'}
INFO:     | 2023-12-09 11:09:27 | {'adresse_id': 49, 'msg': 'Adresse created'}
INFO:     | 2023-12-09 11:09:27 | {'user_id': 24, 'role': 'Admin', 'msg': 'User registered'}
INFO:     | 2023-12-09 11:10:21 | {'adresse_id': 50, 'msg': 'Adresse created'}
ERROR:    | 2023-12-09 11:10:22 | {'user_id': 0, 'role': 'unknown', 'msg': 'Email 12@23dddddd.de bereits vergeben'}
INFO:     | 2023-12-09 11:10:33 | {'adresse_id': 51, 'msg': 'Adresse created'}
INFO:     | 2023-12-09 11:10:34 | {'user_id': 25, 'role': 'Admin', 'msg': 'User registered'}
INFO:     | 2023-12-09 11:11:14 | {'adresse_id': 52, 'msg': 'Adresse created'}
ERROR:    | 2023-12-09 11:11:14 | {'user_id': 0, 'role': 'unknown', 'msg': 'Email 1@23dddddd.de bereits vergeben'}
INFO:     | 2023-12-09 11:11:32 | {'adresse_id': 53, 'msg': 'Adresse created'}
INFO:     | 2023-12-09 11:11:32 | {'user_id': 26, 'role': 'Admin', 'msg': 'User registered'}
INFO:     | 2023-12-09 11:11:44 | {'adresse_id': 54, 'msg': 'Adresse created'}
ERROR:    | 2023-12-09 11:11:44 | {'user_id': 0, 'role': 'unknown', 'msg': 'Email 1@2dddd.de bereits vergeben'}
INFO:     | 2023-12-09 11:11:58 | {'adresse_id': 55, 'msg': 'Adresse created'}
ERROR:    | 2023-12-09 11:11:59 | {'user_id': 0, 'role': 'unknown', 'msg': 'Email 1@2dddd.de bereits vergeben'}
INFO:     | 2023-12-09 11:12:26 | {'adresse_id': 56, 'msg': 'Adresse created'}
ERROR:    | 2023-12-09 11:12:26 | {'user_id': 0, 'role': 'unknown', 'msg': 'Email 1@2dddd.de bereits vergeben'}
INFO:     | 2023-12-09 11:22:30 | {'adresse_id': 57, 'msg': 'Adresse created'}
INFO:     | 2023-12-09 11:22:31 | {'user_id': 27, 'role': 'Admin', 'msg': 'User registered'}
INFO:     | 2023-12-09 12:57:07 | {'adresse_id': 58, 'msg': 'Adresse created'}
INFO:     | 2023-12-09 12:57:08 | {'user_id': 28, 'role': 'Admin', 'msg': 'User registered'}
INFO:     | 2023-12-09 17:36:57 | {'user_id': 29, 'role': 'Admin', 'msg': 'User registered'}
INFO:     | 2023-12-09 18:00:02 | {'adresse_id': 59, 'msg': 'Adresse created'}
INFO:     | 2023-12-09 18:00:02 | {'user_id': 30, 'role': 'Admin', 'msg': 'User registered'}
[31mERROR[0m:    | 2023-12-10 05:22:31 | {'user_id': 0, 'role': 'unknown', 'msg': 'Es gab folgenden SQL Fehler: <class \'asyncpg.exceptions.ForeignKeyViolationError\'>: insert or update on table "Nutzer" violates foreign key constraint "Nutzer_adresse_id_fkey"\nDETAIL:  Key (adresse_id)=(1) is not present in table "Adresse".'}
[31mERROR[0m:    | 2023-12-10 05:25:12 | {'user_id': 0, 'role': 'unknown', 'msg': 'Es gab folgenden SQL Fehler: <class \'asyncpg.exceptions.ForeignKeyViolationError\'>: insert or update on table "Nutzer" violates foreign key constraint "Nutzer_adresse_id_fkey"\nDETAIL:  Key (adresse_id)=(0) is not present in table "Adresse".'}
[32mINFO[0m:     | 2023-12-10 05:27:13 | {'adresse_id': 1, 'msg': 'Adresse created'}[32mINFO[0m:     | 2023-12-10 05:30:58 | {'user_id': 3, 'role': 'Solarteure', 'msg': 'User registered'}
