{"timestamp": "2023-12-03 17:15:09,156", "level": "INFO", "name": "GreenEcoHubRegistration", "message": null, "user_id": 18, "role": "Admin", "msg": "User registered"}
{"timestamp": "2023-12-03 17:18:00,591", "level": "ERROR", "name": "GreenEcoHubRegistration", "message": null, "user_id": 0, "role": "unknown", "msg": "Email 1@5.de bereits vergeben"}
{"timestamp": "2023-12-03 17:18:18,806", "level": "INFO", "name": "GreenEcoHubRegistration", "message": null, "user_id": 19, "role": "Admin", "msg": "User registered"}
{"timestamp": "2023-12-08 15:17:26,680", "level": "INFO", "name": "GreenEcoHubRegistration", "message": null, "user_id": 20, "role": "Netzbetreiber", "msg": "User registered"}
{"timestamp": "2023-12-08 18:20:07,765", "level": "INFO", "name": "GreenEcoHubRegistration", "message": null, "user_id": 21, "role": "Netzbetreiber", "msg": "User registered"}
{"timestamp": "2023-12-08 23:19:59,944", "level": "INFO", "name": "GreenEcoHubRegistration", "message": null, "user_id": 22, "role": "Admin", "msg": "User registered"}
{"timestamp": "2023-12-09 11:05:59,896", "level": "INFO", "name": "GreenEcoHubRegistration", "message": null, "user_id": 23, "role": "Admin", "msg": "User registered"}
{"timestamp": "2023-12-09 11:06:24,960", "level": "ERROR", "name": "GreenEcoHubRegistration", "message": null, "user_id": 0, "role": "unknown", "msg": "Email 12@234.de bereits vergeben"}
{"timestamp": "2023-12-09 11:09:16,463", "level": "ERROR", "name": "GreenEcoHubRegistration", "message": null, "user_id": 0, "role": "unknown", "msg": "Email 12@23.de bereits vergeben"}
{"timestamp": "2023-12-09 11:09:27,878", "level": "INFO", "name": "GreenEcoHubRegistration", "message": null, "user_id": 24, "role": "Admin", "msg": "User registered"}
{"timestamp": "2023-12-09 11:10:22,034", "level": "ERROR", "name": "GreenEcoHubRegistration", "message": null, "user_id": 0, "role": "unknown", "msg": "Email 12@23dddddd.de bereits vergeben"}
{"timestamp": "2023-12-09 11:10:34,091", "level": "INFO", "name": "GreenEcoHubRegistration", "message": null, "user_id": 25, "role": "Admin", "msg": "User registered"}
{"timestamp": "2023-12-09 11:11:14,572", "level": "ERROR", "name": "GreenEcoHubRegistration", "message": null, "user_id": 0, "role": "unknown", "msg": "Email 1@23dddddd.de bereits vergeben"}
{"timestamp": "2023-12-09 11:11:32,728", "level": "INFO", "name": "GreenEcoHubRegistration", "message": null, "user_id": 26, "role": "Admin", "msg": "User registered"}
{"timestamp": "2023-12-09 11:11:44,995", "level": "ERROR", "name": "GreenEcoHubRegistration", "message": null, "user_id": 0, "role": "unknown", "msg": "Email 1@2dddd.de bereits vergeben"}
{"timestamp": "2023-12-09 11:11:59,282", "level": "ERROR", "name": "GreenEcoHubRegistration", "message": null, "user_id": 0, "role": "unknown", "msg": "Email 1@2dddd.de bereits vergeben"}
{"timestamp": "2023-12-09 11:12:26,940", "level": "ERROR", "name": "GreenEcoHubRegistration", "message": null, "user_id": 0, "role": "unknown", "msg": "Email 1@2dddd.de bereits vergeben"}
{"timestamp": "2023-12-09 11:22:31,259", "level": "INFO", "name": "GreenEcoHubRegistration", "message": null, "user_id": 27, "role": "Admin", "msg": "User registered"}
{"timestamp": "2023-12-09 12:57:08,372", "level": "INFO", "name": "GreenEcoHubRegistration", "message": null, "user_id": 28, "role": "Admin", "msg": "User registered"}
{"timestamp": "2023-12-09 17:36:57,062", "level": "INFO", "name": "GreenEcoHubRegistration", "message": null, "user_id": 29, "role": "Admin", "msg": "User registered"}
{"timestamp": "2023-12-09 18:00:02,960", "level": "INFO", "name": "GreenEcoHubRegistration", "message": null, "user_id": 30, "role": "Admin", "msg": "User registered"}

{"timestamp": "2023-12-11 00:07:28,692", "level": "ERROR", "name": "GreenEcoHubRegistration", "message": null, "user_id": 0, "role": "unknown", "msg": "Es gab folgenden SQL Fehler: <class 'asyncpg.exceptions.ForeignKeyViolationError'>: insert or update on table \"Nutzer\" violates foreign key constraint \"Nutzer_adresse_id_fkey\"\nDETAIL:  Key (adresse_id)=(16) is not present in table \"Adresse\"."}
{"timestamp": "2023-12-11 00:08:04,040", "level": "ERROR", "name": "GreenEcoHubRegistration", "message": null, "user_id": 0, "role": "unknown", "msg": "Es gab folgenden SQL Fehler: <class 'asyncpg.exceptions.ForeignKeyViolationError'>: insert or update on table \"Nutzer\" violates foreign key constraint \"Nutzer_adresse_id_fkey\"\nDETAIL:  Key (adresse_id)=(16) is not present in table \"Adresse\"."}
{"timestamp": "2023-12-11 00:08:27,097", "level": "ERROR", "name": "GreenEcoHubRegistration", "message": null, "user_id": 0, "role": "unknown", "msg": "Email 12rr333@5.de bereits vergeben"}
{"timestamp": "2023-12-11 09:48:07,525", "level": "INFO", "name": "GreenEcoHubRegistration", "message": null, "user_id": 33, "role": "Netzbetreiber", "msg": "User registriert"}
{"timestamp": "2023-12-12 22:21:19,573", "level": "INFO", "name": "GreenEcoHubRegistration", "message": "", "user_id": 25, "role": "Netzbetreiber", "msg": "User registriert"}
{"timestamp": "2023-12-14 15:29:02,087", "level": "INFO", "name": "GreenEcoHubRegistration", "message": null, "user_id": 34, "role": "Solarteure", "msg": "User registriert"}
{"timestamp": "2023-12-14 15:29:08,725", "level": "INFO", "name": "GreenEcoHubRegistration", "message": null, "user_id": 35, "role": "Solarteure", "msg": "User registriert"}
{"timestamp": "2023-12-14 15:29:18,273", "level": "INFO", "name": "GreenEcoHubRegistration", "message": null, "user_id": 36, "role": "Solarteure", "msg": "User registriert"}
{"timestamp": "2023-12-14 15:29:19,815", "level": "INFO", "name": "GreenEcoHubRegistration", "message": null, "user_id": 37, "role": "Solarteure", "msg": "User registriert"}
{"timestamp": "2023-12-14 15:29:21,300", "level": "INFO", "name": "GreenEcoHubRegistration", "message": null, "user_id": 38, "role": "Solarteure", "msg": "User registriert"}
{"timestamp": "2023-12-14 15:29:32,940", "level": "INFO", "name": "GreenEcoHubRegistration", "message": null, "user_id": 39, "role": "Haushalte", "msg": "User registriert"}
{"timestamp": "2023-12-14 15:29:34,484", "level": "INFO", "name": "GreenEcoHubRegistration", "message": null, "user_id": 40, "role": "Haushalte", "msg": "User registriert"}
{"timestamp": "2023-12-14 15:29:35,947", "level": "INFO", "name": "GreenEcoHubRegistration", "message": null, "user_id": 41, "role": "Haushalte", "msg": "User registriert"}
{"timestamp": "2023-12-14 15:29:37,450", "level": "INFO", "name": "GreenEcoHubRegistration", "message": null, "user_id": 42, "role": "Haushalte", "msg": "User registriert"}
{"timestamp": "2023-12-14 15:29:38,765", "level": "INFO", "name": "GreenEcoHubRegistration", "message": null, "user_id": 43, "role": "Haushalte", "msg": "User registriert"}
{"timestamp": "2023-12-14 15:29:40,299", "level": "INFO", "name": "GreenEcoHubRegistration", "message": null, "user_id": 44, "role": "Haushalte", "msg": "User registriert"}
{"timestamp": "2023-12-14 15:29:41,834", "level": "INFO", "name": "GreenEcoHubRegistration", "message": null, "user_id": 45, "role": "Haushalte", "msg": "User registriert"}
{"timestamp": "2023-12-14 15:29:43,377", "level": "INFO", "name": "GreenEcoHubRegistration", "message": null, "user_id": 46, "role": "Haushalte", "msg": "User registriert"}
{"timestamp": "2023-12-14 20:11:54,946", "level": "INFO", "name": "GreenEcoHubRegistration", "message": null, "user_id": 1, "role": "Netzbetreiber", "msg": "User registriert"}
{"timestamp": "2023-12-14 20:14:48,697", "level": "INFO", "name": "GreenEcoHubRegistration", "message": null, "user_id": 1, "role": "Netzbetreiber", "msg": "User registriert"}
{"timestamp": "2023-12-14 20:15:26,140", "level": "INFO", "name": "GreenEcoHubRegistration", "message": null, "user_id": 2, "role": "Netzbetreiber", "msg": "User registriert"}
{"timestamp": "2023-12-14 20:15:27,402", "level": "INFO", "name": "GreenEcoHubRegistration", "message": null, "user_id": 3, "role": "Netzbetreiber", "msg": "User registriert"}
{"timestamp": "2023-12-14 20:15:29,158", "level": "INFO", "name": "GreenEcoHubRegistration", "message": null, "user_id": 4, "role": "Netzbetreiber", "msg": "User registriert"}
{"timestamp": "2023-12-14 20:15:30,735", "level": "INFO", "name": "GreenEcoHubRegistration", "message": null, "user_id": 5, "role": "Netzbetreiber", "msg": "User registriert"}
{"timestamp": "2023-12-14 20:15:32,496", "level": "INFO", "name": "GreenEcoHubRegistration", "message": null, "user_id": 6, "role": "Netzbetreiber", "msg": "User registriert"}
{"timestamp": "2023-12-14 20:15:35,760", "level": "INFO", "name": "GreenEcoHubRegistration", "message": null, "user_id": 7, "role": "Netzbetreiber", "msg": "User registriert"}
{"timestamp": "2023-12-14 20:15:37,203", "level": "INFO", "name": "GreenEcoHubRegistration", "message": null, "user_id": 8, "role": "Netzbetreiber", "msg": "User registriert"}
{"timestamp": "2023-12-14 20:15:38,817", "level": "INFO", "name": "GreenEcoHubRegistration", "message": null, "user_id": 9, "role": "Netzbetreiber", "msg": "User registriert"}
{"timestamp": "2023-12-14 20:15:40,226", "level": "INFO", "name": "GreenEcoHubRegistration", "message": null, "user_id": 10, "role": "Netzbetreiber", "msg": "User registriert"}
{"timestamp": "2023-12-14 20:15:41,615", "level": "INFO", "name": "GreenEcoHubRegistration", "message": null, "user_id": 11, "role": "Netzbetreiber", "msg": "User registriert"}
{"timestamp": "2023-12-14 20:15:49,031", "level": "INFO", "name": "GreenEcoHubRegistration", "message": null, "user_id": 12, "role": "Admin", "msg": "User registriert"}
{"timestamp": "2023-12-14 20:15:50,640", "level": "INFO", "name": "GreenEcoHubRegistration", "message": null, "user_id": 13, "role": "Admin", "msg": "User registriert"}
{"timestamp": "2023-12-14 20:15:52,395", "level": "INFO", "name": "GreenEcoHubRegistration", "message": null, "user_id": 14, "role": "Admin", "msg": "User registriert"}
{"timestamp": "2023-12-14 20:15:54,002", "level": "INFO", "name": "GreenEcoHubRegistration", "message": null, "user_id": 15, "role": "Admin", "msg": "User registriert"}
{"timestamp": "2023-12-14 20:15:55,631", "level": "INFO", "name": "GreenEcoHubRegistration", "message": null, "user_id": 16, "role": "Admin", "msg": "User registriert"}
{"timestamp": "2023-12-14 20:15:57,134", "level": "INFO", "name": "GreenEcoHubRegistration", "message": null, "user_id": 17, "role": "Admin", "msg": "User registriert"}
{"timestamp": "2023-12-14 20:17:00,510", "level": "ERROR", "name": "GreenEcoHubRegistration", "message": null, "user_id": 0, "role": "unknown", "msg": "Email 02347@123456.de bereits vergeben"}
{"timestamp": "2023-12-14 20:17:01,971", "level": "ERROR", "name": "GreenEcoHubRegistration", "message": null, "user_id": 0, "role": "unknown", "msg": "Email 02347@123456.de bereits vergeben"}
{"timestamp": "2023-12-14 20:17:07,181", "level": "INFO", "name": "GreenEcoHubRegistration", "message": null, "user_id": 18, "role": "Haushalte", "msg": "User registriert"}
{"timestamp": "2023-12-14 20:17:08,832", "level": "INFO", "name": "GreenEcoHubRegistration", "message": null, "user_id": 19, "role": "Haushalte", "msg": "User registriert"}
{"timestamp": "2023-12-14 20:17:10,859", "level": "INFO", "name": "GreenEcoHubRegistration", "message": null, "user_id": 20, "role": "Haushalte", "msg": "User registriert"}
{"timestamp": "2023-12-14 20:17:12,561", "level": "INFO", "name": "GreenEcoHubRegistration", "message": null, "user_id": 21, "role": "Haushalte", "msg": "User registriert"}
{"timestamp": "2023-12-14 20:17:14,633", "level": "INFO", "name": "GreenEcoHubRegistration", "message": null, "user_id": 22, "role": "Haushalte", "msg": "User registriert"}
{"timestamp": "2023-12-14 20:17:17,412", "level": "INFO", "name": "GreenEcoHubRegistration", "message": null, "user_id": 23, "role": "Haushalte", "msg": "User registriert"}
{"timestamp": "2023-12-14 20:17:18,966", "level": "INFO", "name": "GreenEcoHubRegistration", "message": null, "user_id": 24, "role": "Haushalte", "msg": "User registriert"}
{"timestamp": "2023-12-14 20:17:20,957", "level": "INFO", "name": "GreenEcoHubRegistration", "message": null, "user_id": 25, "role": "Haushalte", "msg": "User registriert"}
{"timestamp": "2023-12-14 20:17:25,319", "level": "INFO", "name": "GreenEcoHubRegistration", "message": null, "user_id": 26, "role": "Haushalte", "msg": "User registriert"}
{"timestamp": "2023-12-14 20:17:29,739", "level": "INFO", "name": "GreenEcoHubRegistration", "message": null, "user_id": 27, "role": "Haushalte", "msg": "User registriert"}
{"timestamp": "2023-12-14 20:17:39,355", "level": "ERROR", "name": "GreenEcoHubRegistration", "message": null, "user_id": 0, "role": "unknown", "msg": "Email 02347@12346.de bereits vergeben"}
{"timestamp": "2023-12-14 20:17:43,501", "level": "INFO", "name": "GreenEcoHubRegistration", "message": null, "user_id": 28, "role": "Solarteure", "msg": "User registriert"}
{"timestamp": "2023-12-14 20:17:44,973", "level": "INFO", "name": "GreenEcoHubRegistration", "message": null, "user_id": 29, "role": "Solarteure", "msg": "User registriert"}
{"timestamp": "2023-12-14 20:17:46,249", "level": "INFO", "name": "GreenEcoHubRegistration", "message": null, "user_id": 30, "role": "Solarteure", "msg": "User registriert"}
{"timestamp": "2023-12-14 20:17:47,326", "level": "INFO", "name": "GreenEcoHubRegistration", "message": null, "user_id": 31, "role": "Solarteure", "msg": "User registriert"}
{"timestamp": "2023-12-14 20:17:48,598", "level": "INFO", "name": "GreenEcoHubRegistration", "message": null, "user_id": 32, "role": "Solarteure", "msg": "User registriert"}
{"timestamp": "2023-12-14 20:17:50,472", "level": "INFO", "name": "GreenEcoHubRegistration", "message": null, "user_id": 33, "role": "Solarteure", "msg": "User registriert"}
{"timestamp": "2023-12-14 20:17:51,838", "level": "INFO", "name": "GreenEcoHubRegistration", "message": null, "user_id": 34, "role": "Solarteure", "msg": "User registriert"}
{"timestamp": "2023-12-14 20:18:17,005", "level": "INFO", "name": "GreenEcoHubRegistration", "message": null, "user_id": 35, "role": "Energieberatende", "msg": "User registriert"}
{"timestamp": "2023-12-14 20:18:21,501", "level": "INFO", "name": "GreenEcoHubRegistration", "message": null, "user_id": 36, "role": "Energieberatende", "msg": "User registriert"}
{"timestamp": "2023-12-14 20:18:22,709", "level": "INFO", "name": "GreenEcoHubRegistration", "message": null, "user_id": 37, "role": "Energieberatende", "msg": "User registriert"}
{"timestamp": "2023-12-14 20:18:24,118", "level": "INFO", "name": "GreenEcoHubRegistration", "message": null, "user_id": 38, "role": "Energieberatende", "msg": "User registriert"}
{"timestamp": "2023-12-14 20:18:26,227", "level": "INFO", "name": "GreenEcoHubRegistration", "message": null, "user_id": 39, "role": "Energieberatende", "msg": "User registriert"}
{"timestamp": "2023-12-14 20:18:28,089", "level": "INFO", "name": "GreenEcoHubRegistration", "message": null, "user_id": 40, "role": "Energieberatende", "msg": "User registriert"}
{"timestamp": "2023-12-14 20:18:29,705", "level": "INFO", "name": "GreenEcoHubRegistration", "message": null, "user_id": 41, "role": "Energieberatende", "msg": "User registriert"}
{"timestamp": "2023-12-14 20:19:26,760", "level": "INFO", "name": "GreenEcoHubRegistration", "message": null, "user_id": 42, "role": "Admin", "msg": "User registriert"}
{"timestamp": "2023-12-14 20:21:01,610", "level": "INFO", "name": "GreenEcoHubRegistration", "message": null, "user_id": 43, "role": "Netzbetreiber", "msg": "User registriert"}
{"timestamp": "2023-12-14 20:21:07,722", "level": "INFO", "name": "GreenEcoHubRegistration", "message": null, "user_id": 44, "role": "Netzbetreiber", "msg": "User registriert"}
{"timestamp": "2023-12-14 22:03:27,459", "level": "INFO", "name": "GreenEcoHubRegistration", "message": null, "user_id": 45, "role": "Admin", "msg": "User registriert"}
{"timestamp": "2023-12-16 14:57:52,402", "level": "INFO", "name": "GreenEcoHubRegistration", "message": null, "user_id": 46, "role": "Energieberatende", "msg": "User registriert"}
{"timestamp": "2023-12-16 14:57:56,620", "level": "ERROR", "name": "GreenEcoHubRegistration", "message": null, "user_id": 0, "role": "unknown", "msg": "Email 1@m0.de bereits vergeben"}
{"timestamp": "2023-12-16 14:58:02,346", "level": "INFO", "name": "GreenEcoHubRegistration", "message": null, "user_id": 47, "role": "Energieberatende", "msg": "User registriert"}
{"timestamp": "2023-12-16 14:58:08,756", "level": "INFO", "name": "GreenEcoHubRegistration", "message": null, "user_id": 48, "role": "Energieberatende", "msg": "User registriert"}
{"timestamp": "2023-12-16 16:41:35,906", "level": "INFO", "name": "GreenEcoHubRegistration", "message": null, "user_id": 1, "role": "Admin", "msg": "User registriert"}
{"timestamp": "2023-12-16 16:41:46,927", "level": "INFO", "name": "GreenEcoHubRegistration", "message": null, "user_id": 2, "role": "Solarteure", "msg": "User registriert"}
{"timestamp": "2023-12-16 16:44:53,568", "level": "INFO", "name": "GreenEcoHubRegistration", "message": null, "user_id": 3, "role": "Netzbetreiber", "msg": "User registriert"}
{"timestamp": "2023-12-16 16:45:15,372", "level": "INFO", "name": "GreenEcoHubRegistration", "message": null, "user_id": 4, "role": "Netzbetreiber", "msg": "User registriert"}
{"timestamp": "2023-12-16 16:45:15,761", "level": "INFO", "name": "GreenEcoHubRegistration", "message": null, "user_id": 5, "role": "Energieberatende", "msg": "User registriert"}
{"timestamp": "2023-12-16 16:45:16,129", "level": "INFO", "name": "GreenEcoHubRegistration", "message": null, "user_id": 6, "role": "Netzbetreiber", "msg": "User registriert"}
{"timestamp": "2023-12-16 16:45:16,490", "level": "INFO", "name": "GreenEcoHubRegistration", "message": null, "user_id": 7, "role": "Haushalte", "msg": "User registriert"}
{"timestamp": "2023-12-16 16:45:16,864", "level": "INFO", "name": "GreenEcoHubRegistration", "message": null, "user_id": 8, "role": "Energieberatende", "msg": "User registriert"}
{"timestamp": "2023-12-16 16:45:17,221", "level": "INFO", "name": "GreenEcoHubRegistration", "message": null, "user_id": 9, "role": "Haushalte", "msg": "User registriert"}
{"timestamp": "2023-12-16 16:45:17,592", "level": "INFO", "name": "GreenEcoHubRegistration", "message": null, "user_id": 10, "role": "Energieberatende", "msg": "User registriert"}
{"timestamp": "2023-12-16 16:45:17,943", "level": "INFO", "name": "GreenEcoHubRegistration", "message": null, "user_id": 11, "role": "Haushalte", "msg": "User registriert"}
{"timestamp": "2023-12-16 16:45:18,308", "level": "INFO", "name": "GreenEcoHubRegistration", "message": null, "user_id": 12, "role": "Haushalte", "msg": "User registriert"}
{"timestamp": "2023-12-16 16:45:18,675", "level": "INFO", "name": "GreenEcoHubRegistration", "message": null, "user_id": 13, "role": "Haushalte", "msg": "User registriert"}
{"timestamp": "2023-12-16 16:45:19,042", "level": "INFO", "name": "GreenEcoHubRegistration", "message": null, "user_id": 14, "role": "Haushalte", "msg": "User registriert"}
{"timestamp": "2023-12-16 16:45:19,401", "level": "INFO", "name": "GreenEcoHubRegistration", "message": null, "user_id": 15, "role": "Energieberatende", "msg": "User registriert"}
{"timestamp": "2023-12-16 16:45:19,764", "level": "INFO", "name": "GreenEcoHubRegistration", "message": null, "user_id": 16, "role": "Haushalte", "msg": "User registriert"}
{"timestamp": "2023-12-16 16:45:20,138", "level": "INFO", "name": "GreenEcoHubRegistration", "message": null, "user_id": 17, "role": "Netzbetreiber", "msg": "User registriert"}
{"timestamp": "2023-12-16 16:45:20,507", "level": "INFO", "name": "GreenEcoHubRegistration", "message": null, "user_id": 18, "role": "Energieberatende", "msg": "User registriert"}
{"timestamp": "2023-12-16 16:45:20,888", "level": "INFO", "name": "GreenEcoHubRegistration", "message": null, "user_id": 19, "role": "Energieberatende", "msg": "User registriert"}
{"timestamp": "2023-12-16 16:45:21,252", "level": "INFO", "name": "GreenEcoHubRegistration", "message": null, "user_id": 20, "role": "Haushalte", "msg": "User registriert"}
{"timestamp": "2023-12-16 16:45:21,667", "level": "INFO", "name": "GreenEcoHubRegistration", "message": null, "user_id": 21, "role": "Energieberatende", "msg": "User registriert"}
{"timestamp": "2023-12-16 16:45:22,078", "level": "INFO", "name": "GreenEcoHubRegistration", "message": null, "user_id": 22, "role": "Energieberatende", "msg": "User registriert"}
{"timestamp": "2023-12-16 16:45:22,433", "level": "INFO", "name": "GreenEcoHubRegistration", "message": null, "user_id": 23, "role": "Energieberatende", "msg": "User registriert"}
{"timestamp": "2023-12-16 16:45:22,804", "level": "INFO", "name": "GreenEcoHubRegistration", "message": null, "user_id": 24, "role": "Energieberatende", "msg": "User registriert"}
{"timestamp": "2023-12-16 16:45:23,168", "level": "INFO", "name": "GreenEcoHubRegistration", "message": null, "user_id": 25, "role": "Energieberatende", "msg": "User registriert"}
{"timestamp": "2023-12-16 16:45:23,540", "level": "INFO", "name": "GreenEcoHubRegistration", "message": null, "user_id": 26, "role": "Netzbetreiber", "msg": "User registriert"}
{"timestamp": "2023-12-16 16:45:23,901", "level": "INFO", "name": "GreenEcoHubRegistration", "message": null, "user_id": 27, "role": "Netzbetreiber", "msg": "User registriert"}
{"timestamp": "2023-12-16 16:45:24,266", "level": "INFO", "name": "GreenEcoHubRegistration", "message": null, "user_id": 28, "role": "Netzbetreiber", "msg": "User registriert"}
{"timestamp": "2023-12-16 16:45:24,632", "level": "INFO", "name": "GreenEcoHubRegistration", "message": null, "user_id": 29, "role": "Netzbetreiber", "msg": "User registriert"}
{"timestamp": "2023-12-16 16:45:25,048", "level": "INFO", "name": "GreenEcoHubRegistration", "message": null, "user_id": 30, "role": "Netzbetreiber", "msg": "User registriert"}
{"timestamp": "2023-12-16 16:45:25,447", "level": "INFO", "name": "GreenEcoHubRegistration", "message": null, "user_id": 31, "role": "Netzbetreiber", "msg": "User registriert"}
{"timestamp": "2023-12-16 16:45:25,810", "level": "INFO", "name": "GreenEcoHubRegistration", "message": null, "user_id": 32, "role": "Netzbetreiber", "msg": "User registriert"}
{"timestamp": "2023-12-16 16:45:26,178", "level": "INFO", "name": "GreenEcoHubRegistration", "message": null, "user_id": 33, "role": "Energieberatende", "msg": "User registriert"}
{"timestamp": "2023-12-16 16:45:26,545", "level": "INFO", "name": "GreenEcoHubRegistration", "message": null, "user_id": 34, "role": "Netzbetreiber", "msg": "User registriert"}
{"timestamp": "2023-12-16 16:45:26,954", "level": "INFO", "name": "GreenEcoHubRegistration", "message": null, "user_id": 35, "role": "Energieberatende", "msg": "User registriert"}
{"timestamp": "2023-12-16 16:45:27,322", "level": "INFO", "name": "GreenEcoHubRegistration", "message": null, "user_id": 36, "role": "Haushalte", "msg": "User registriert"}
{"timestamp": "2023-12-16 16:45:48,962", "level": "INFO", "name": "GreenEcoHubRegistration", "message": null, "user_id": 37, "role": "Netzbetreiber", "msg": "User registriert"}
{"timestamp": "2023-12-16 16:48:09,921", "level": "INFO", "name": "GreenEcoHubRegistration", "message": null, "user_id": 38, "role": "Haushalte", "msg": "User registriert"}
{"timestamp": "2023-12-16 16:48:10,282", "level": "INFO", "name": "GreenEcoHubRegistration", "message": null, "user_id": 39, "role": "Energieberatende", "msg": "User registriert"}
{"timestamp": "2023-12-16 16:48:10,656", "level": "INFO", "name": "GreenEcoHubRegistration", "message": null, "user_id": 40, "role": "Netzbetreiber", "msg": "User registriert"}
{"timestamp": "2023-12-16 16:48:11,024", "level": "INFO", "name": "GreenEcoHubRegistration", "message": null, "user_id": 41, "role": "Energieberatende", "msg": "User registriert"}
{"timestamp": "2023-12-16 16:48:11,375", "level": "INFO", "name": "GreenEcoHubRegistration", "message": null, "user_id": 42, "role": "Haushalte", "msg": "User registriert"}
{"timestamp": "2023-12-16 16:48:11,746", "level": "INFO", "name": "GreenEcoHubRegistration", "message": null, "user_id": 43, "role": "Haushalte", "msg": "User registriert"}
{"timestamp": "2023-12-16 16:48:12,111", "level": "INFO", "name": "GreenEcoHubRegistration", "message": null, "user_id": 44, "role": "Energieberatende", "msg": "User registriert"}
{"timestamp": "2023-12-16 16:48:12,468", "level": "INFO", "name": "GreenEcoHubRegistration", "message": null, "user_id": 45, "role": "Energieberatende", "msg": "User registriert"}
{"timestamp": "2023-12-16 16:48:12,828", "level": "INFO", "name": "GreenEcoHubRegistration", "message": null, "user_id": 46, "role": "Netzbetreiber", "msg": "User registriert"}
{"timestamp": "2023-12-16 16:48:13,195", "level": "INFO", "name": "GreenEcoHubRegistration", "message": null, "user_id": 47, "role": "Netzbetreiber", "msg": "User registriert"}
{"timestamp": "2023-12-16 16:48:13,542", "level": "INFO", "name": "GreenEcoHubRegistration", "message": null, "user_id": 48, "role": "Haushalte", "msg": "User registriert"}
{"timestamp": "2023-12-16 16:48:13,891", "level": "INFO", "name": "GreenEcoHubRegistration", "message": null, "user_id": 49, "role": "Netzbetreiber", "msg": "User registriert"}
{"timestamp": "2023-12-16 16:48:14,258", "level": "INFO", "name": "GreenEcoHubRegistration", "message": null, "user_id": 50, "role": "Energieberatende", "msg": "User registriert"}
{"timestamp": "2023-12-16 16:48:14,620", "level": "INFO", "name": "GreenEcoHubRegistration", "message": null, "user_id": 51, "role": "Haushalte", "msg": "User registriert"}
{"timestamp": "2023-12-16 16:48:14,985", "level": "INFO", "name": "GreenEcoHubRegistration", "message": null, "user_id": 52, "role": "Netzbetreiber", "msg": "User registriert"}
{"timestamp": "2023-12-16 16:48:15,355", "level": "INFO", "name": "GreenEcoHubRegistration", "message": null, "user_id": 53, "role": "Haushalte", "msg": "User registriert"}
{"timestamp": "2023-12-16 16:48:15,730", "level": "INFO", "name": "GreenEcoHubRegistration", "message": null, "user_id": 54, "role": "Netzbetreiber", "msg": "User registriert"}
{"timestamp": "2023-12-16 16:48:16,117", "level": "INFO", "name": "GreenEcoHubRegistration", "message": null, "user_id": 55, "role": "Netzbetreiber", "msg": "User registriert"}
{"timestamp": "2023-12-16 16:48:16,488", "level": "INFO", "name": "GreenEcoHubRegistration", "message": null, "user_id": 56, "role": "Haushalte", "msg": "User registriert"}
{"timestamp": "2023-12-16 16:48:16,843", "level": "INFO", "name": "GreenEcoHubRegistration", "message": null, "user_id": 57, "role": "Haushalte", "msg": "User registriert"}
{"timestamp": "2023-12-16 16:48:17,213", "level": "INFO", "name": "GreenEcoHubRegistration", "message": null, "user_id": 58, "role": "Netzbetreiber", "msg": "User registriert"}
{"timestamp": "2023-12-16 16:48:17,589", "level": "INFO", "name": "GreenEcoHubRegistration", "message": null, "user_id": 59, "role": "Netzbetreiber", "msg": "User registriert"}
{"timestamp": "2023-12-16 16:48:17,950", "level": "INFO", "name": "GreenEcoHubRegistration", "message": null, "user_id": 60, "role": "Energieberatende", "msg": "User registriert"}
{"timestamp": "2023-12-16 16:48:18,311", "level": "INFO", "name": "GreenEcoHubRegistration", "message": null, "user_id": 61, "role": "Energieberatende", "msg": "User registriert"}
{"timestamp": "2023-12-16 16:48:18,668", "level": "INFO", "name": "GreenEcoHubRegistration", "message": null, "user_id": 62, "role": "Haushalte", "msg": "User registriert"}
{"timestamp": "2023-12-16 16:48:19,032", "level": "INFO", "name": "GreenEcoHubRegistration", "message": null, "user_id": 63, "role": "Haushalte", "msg": "User registriert"}
{"timestamp": "2023-12-16 16:48:19,398", "level": "INFO", "name": "GreenEcoHubRegistration", "message": null, "user_id": 64, "role": "Energieberatende", "msg": "User registriert"}
{"timestamp": "2023-12-16 16:48:19,767", "level": "INFO", "name": "GreenEcoHubRegistration", "message": null, "user_id": 65, "role": "Energieberatende", "msg": "User registriert"}
{"timestamp": "2023-12-16 16:48:20,197", "level": "INFO", "name": "GreenEcoHubRegistration", "message": null, "user_id": 66, "role": "Netzbetreiber", "msg": "User registriert"}
{"timestamp": "2023-12-16 16:48:20,603", "level": "INFO", "name": "GreenEcoHubRegistration", "message": null, "user_id": 67, "role": "Netzbetreiber", "msg": "User registriert"}
{"timestamp": "2023-12-16 16:48:20,983", "level": "INFO", "name": "GreenEcoHubRegistration", "message": null, "user_id": 68, "role": "Haushalte", "msg": "User registriert"}
{"timestamp": "2023-12-16 16:48:21,353", "level": "INFO", "name": "GreenEcoHubRegistration", "message": null, "user_id": 69, "role": "Netzbetreiber", "msg": "User registriert"}
{"timestamp": "2023-12-16 16:48:21,725", "level": "INFO", "name": "GreenEcoHubRegistration", "message": null, "user_id": 70, "role": "Haushalte", "msg": "User registriert"}
{"timestamp": "2023-12-16 16:48:22,102", "level": "INFO", "name": "GreenEcoHubRegistration", "message": null, "user_id": 71, "role": "Energieberatende", "msg": "User registriert"}
{"timestamp": "2023-12-16 16:48:22,476", "level": "INFO", "name": "GreenEcoHubRegistration", "message": null, "user_id": 72, "role": "Netzbetreiber", "msg": "User registriert"}
{"timestamp": "2023-12-16 16:48:22,851", "level": "INFO", "name": "GreenEcoHubRegistration", "message": null, "user_id": 73, "role": "Haushalte", "msg": "User registriert"}
{"timestamp": "2023-12-16 16:48:23,252", "level": "INFO", "name": "GreenEcoHubRegistration", "message": null, "user_id": 74, "role": "Netzbetreiber", "msg": "User registriert"}
{"timestamp": "2023-12-16 16:51:27,278", "level": "INFO", "name": "GreenEcoHubRegistration", "message": null, "user_id": 75, "role": "Haushalte", "msg": "User registriert"}
