{"timestamp": "2023-12-11 23:10:31,122", "level": "INFO", "name": "GreenEcoHub", "message": "User eingeloggt", "user_id": 6, "endpoint": "/auth/login", "method": "POST", "success": true}
{"timestamp": "2023-12-11 23:11:24,789", "level": "INFO", "name": "GreenEcoHub", "message": "User eingeloggt", "user_id": 6, "endpoint": "/auth/login", "method": "POST", "success": true}
{"timestamp": "2023-12-12 00:16:19,486", "level": "INFO", "name": "GreenEcoHub", "message": "User eingeloggt", "user_id": 6, "endpoint": "/auth/login", "method": "POST", "success": true}
{"timestamp": "2023-12-12 00:16:55,294", "level": "INFO", "name": "GreenEcoHub", "message": "User eingeloggt", "user_id": 6, "endpoint": "/auth/login", "method": "POST", "success": true}
{"timestamp": "2023-12-12 00:17:27,976", "level": "INFO", "name": "GreenEcoHub", "message": "User eingeloggt", "user_id": 6, "endpoint": "/auth/login", "method": "POST", "success": true}
{"timestamp": "2023-12-12 00:17:47,171", "level": "INFO", "name": "GreenEcoHub", "message": "User eingeloggt", "user_id": 6, "endpoint": "/auth/login", "method": "POST", "success": true}
{"timestamp": "2023-12-12 00:24:15,037", "level": "INFO", "name": "GreenEcoHub", "message": "User eingeloggt", "user_id": 6, "endpoint": "/auth/login", "method": "POST", "success": true}
{"timestamp": "2023-12-12 00:24:46,247", "level": "ERROR", "name": "GreenEcoHub", "message": "Wrong password", "user_id": 6, "endpoint": "/auth/login", "method": "POST", "success": false}
{"timestamp": "2023-12-12 00:25:04,479", "level": "ERROR", "name": "GreenEcoHub", "message": "Wrong password", "user_id": 6, "endpoint": "/auth/login", "method": "POST", "success": false}
{"timestamp": "2023-12-12 00:25:20,154", "level": "ERROR", "name": "GreenEcoHub", "message": "Wrong password", "user_id": 6, "endpoint": "/auth/login", "method": "POST", "success": false}
{"timestamp": "2023-12-12 00:25:44,790", "level": "ERROR", "name": "GreenEcoHub", "message": "Wrong password", "user_id": 6, "endpoint": "/auth/login", "method": "POST", "success": false}
{"timestamp": "2023-12-12 00:25:47,577", "level": "ERROR", "name": "GreenEcoHub", "message": "Wrong password", "user_id": 6, "endpoint": "/auth/login", "method": "POST", "success": false}
{"timestamp": "2023-12-12 09:30:05,873", "level": "INFO", "name": "GreenEcoHub", "message": "User eingeloggt", "user_id": 6, "endpoint": "/auth/login", "method": "POST", "success": true}
{"timestamp": "2023-12-12 11:11:25,039", "level": "INFO", "name": "GreenEcoHub", "message": "User eingeloggt", "user_id": 6, "endpoint": "/auth/login", "method": "POST", "success": true}
{"timestamp": "2023-12-12 14:13:00,949", "level": "INFO", "name": "GreenEcoHub", "message": "User eingeloggt", "user_id": 6, "endpoint": "/auth/login", "method": "POST", "success": true}
{"timestamp": "2023-12-12 21:39:22,923", "level": "INFO", "name": "GreenEcoHub", "message": "User eingeloggt", "user_id": 6, "endpoint": "/auth/login", "method": "POST", "success": true}
{"timestamp": "2023-12-12 21:40:53,027", "level": "INFO", "name": "GreenEcoHub", "message": "User eingeloggt", "user_id": 9, "endpoint": "/auth/login", "method": "POST", "success": true}
{"timestamp": "2023-12-12 21:41:34,809", "level": "INFO", "name": "GreenEcoHub", "message": "User eingeloggt", "user_id": 9, "endpoint": "/auth/login", "method": "POST", "success": true}
{"timestamp": "2023-12-12 22:17:28,277", "level": "INFO", "name": "GreenEcoHub", "message": "User eingeloggt", "user_id": 9, "endpoint": "/auth/login", "method": "POST", "success": true}
{"timestamp": "2023-12-12 22:21:19,575", "level": "INFO", "name": "GreenEcoHub", "message": "User registriert", "user_id": 25, "endpoint": "/users/registration", "method": "POST", "success": true}
{"timestamp": "2023-12-12 22:35:10,737", "level": "INFO", "name": "GreenEcoHub", "message": "User eingeloggt", "user_id": 9, "endpoint": "/auth/login", "method": "POST", "success": true}
{"timestamp": "2023-12-12 22:36:05,634", "level": "INFO", "name": "GreenEcoHub", "message": "User eingeloggt", "user_id": 9, "endpoint": "/auth/login", "method": "POST", "success": true}
{"timestamp": "2023-12-12 23:11:35,145", "level": "INFO", "name": "GreenEcoHub", "message": "User eingeloggt", "user_id": 16, "endpoint": "/auth/login", "method": "POST", "success": true}
{"timestamp": "2023-12-12 23:12:37,252", "level": "INFO", "name": "GreenEcoHub", "message": "User eingeloggt", "user_id": 16, "endpoint": "/auth/login", "method": "POST", "success": true}
{"timestamp": "2023-12-13 01:41:35,344", "level": "INFO", "name": "GreenEcoHub", "message": "Rollen\u00fcbersicht erfolgreich abgerufen", "user_id": 16, "endpoint": "/admin/userOverview", "method": "GET", "success": true}
{"timestamp": "2023-12-13 01:41:37,603", "level": "INFO", "name": "GreenEcoHub", "message": "Rollen\u00fcbersicht erfolgreich abgerufen", "user_id": 16, "endpoint": "/admin/userOverview", "method": "GET", "success": true}
{"timestamp": "2023-12-13 01:43:50,746", "level": "INFO", "name": "GreenEcoHub", "message": "Rollen\u00fcbersicht erfolgreich abgerufen", "user_id": 16, "endpoint": "/admin/userOverview", "method": "GET", "success": true}
{"timestamp": "2023-12-13 01:43:54,475", "level": "INFO", "name": "GreenEcoHub", "message": "Endpoint-\u00dcbersicht erfolgreich abgerufen", "user_id": 16, "endpoint": "/admin/endpointOverview", "method": "GET", "success": true}
{"timestamp": "2023-12-13 01:44:08,470", "level": "INFO", "name": "GreenEcoHub", "message": "Endpoint-\u00dcbersicht erfolgreich abgerufen", "user_id": 16, "endpoint": "/admin/endpointOverview", "method": "GET", "success": true}
{"timestamp": "2023-12-13 01:44:08,576", "level": "INFO", "name": "GreenEcoHub", "message": "Rollen\u00fcbersicht erfolgreich abgerufen", "user_id": 16, "endpoint": "/admin/userOverview", "method": "GET", "success": true}
{"timestamp": "2023-12-13 01:44:22,842", "level": "INFO", "name": "GreenEcoHub", "message": "Rollen\u00fcbersicht erfolgreich abgerufen", "user_id": 16, "endpoint": "/admin/userOverview", "method": "GET", "success": true}
{"timestamp": "2023-12-13 01:44:30,663", "level": "INFO", "name": "GreenEcoHub", "message": "Endpoint-\u00dcbersicht erfolgreich abgerufen", "user_id": 16, "endpoint": "/admin/endpointOverview", "method": "GET", "success": true}
{"timestamp": "2023-12-13 01:44:30,691", "level": "INFO", "name": "GreenEcoHub", "message": "Log-\u00dcbersicht erfolgreich abgerufen", "user_id": 16, "endpoint": "/admin/logOverview", "method": "GET", "success": true}
{"timestamp": "2023-12-13 01:49:04,999", "level": "INFO", "name": "GreenEcoHub", "message": "Endpoint-\u00dcbersicht erfolgreich abgerufen", "user_id": 16, "endpoint": "/admin/endpointOverview", "method": "GET", "success": true}
{"timestamp": "2023-12-13 01:49:05,055", "level": "INFO", "name": "GreenEcoHub", "message": "Rollen\u00fcbersicht erfolgreich abgerufen", "user_id": 16, "endpoint": "/admin/userOverview", "method": "GET", "success": true}
{"timestamp": "2023-12-13 01:51:07,048", "level": "INFO", "name": "GreenEcoHub", "message": "Endpoint-\u00dcbersicht erfolgreich abgerufen", "user_id": 16, "endpoint": "/admin/endpointOverview", "method": "GET", "success": true}
{"timestamp": "2023-12-13 01:51:07,067", "level": "INFO", "name": "GreenEcoHub", "message": "Log-\u00dcbersicht erfolgreich abgerufen", "user_id": 16, "endpoint": "/admin/logOverview", "method": "GET", "success": true}
{"timestamp": "2023-12-13 01:51:09,224", "level": "INFO", "name": "GreenEcoHub", "message": "Rollen\u00fcbersicht erfolgreich abgerufen", "user_id": 16, "endpoint": "/admin/userOverview", "method": "GET", "success": true}
{"timestamp": "2023-12-13 01:51:10,854", "level": "INFO", "name": "GreenEcoHub", "message": "Endpoint-\u00dcbersicht erfolgreich abgerufen", "user_id": 16, "endpoint": "/admin/endpointOverview", "method": "GET", "success": true}
{"timestamp": "2023-12-13 01:51:10,872", "level": "INFO", "name": "GreenEcoHub", "message": "Rollen\u00fcbersicht erfolgreich abgerufen", "user_id": 16, "endpoint": "/admin/userOverview", "method": "GET", "success": true}
{"timestamp": "2023-12-13 01:53:29,143", "level": "ERROR", "name": "GreenEcoHub", "message": "Log-Datei existiert nicht oder ist leer", "user_id": 16, "endpoint": "/admin/logs", "method": "GET", "success": false}
{"timestamp": "2023-12-13 01:53:29,144", "level": "ERROR", "name": "GreenEcoHub", "message": "Fehler beim Abrufen der Logs: [Errno 2] No such file or directory: 'logs/servr.log'", "user_id": 16, "endpoint": "/admin/logs", "method": "GET", "success": false}
{"timestamp": "2023-12-13 01:54:38,380", "level": "INFO", "name": "GreenEcoHub", "message": "Login-\u00dcbersicht erfolgreich abgerufen", "user_id": 16, "endpoint": "/admin/loginOverview", "method": "GET", "success": true}
{"timestamp": "2023-12-13 01:54:43,662", "level": "INFO", "name": "GreenEcoHub", "message": "Rollen\u00fcbersicht erfolgreich abgerufen", "user_id": 16, "endpoint": "/admin/userOverview", "method": "GET", "success": true}
{"timestamp": "2023-12-13 01:55:08,661", "level": "INFO", "name": "GreenEcoHub", "message": "Rollen\u00fcbersicht erfolgreich abgerufen", "user_id": 16, "endpoint": "/admin/userOverview", "method": "GET", "success": true}
{"timestamp": "2023-12-13 01:55:15,155", "level": "INFO", "name": "GreenEcoHub", "message": "Rollen\u00fcbersicht erfolgreich abgerufen", "user_id": 16, "endpoint": "/admin/userOverview", "method": "GET", "success": true}
{"timestamp": "2023-12-13 01:55:26,695", "level": "INFO", "name": "GreenEcoHub", "message": "Rollen\u00fcbersicht erfolgreich abgerufen", "user_id": 16, "endpoint": "/admin/userOverview", "method": "GET", "success": true}
{"timestamp": "2023-12-13 01:55:33,087", "level": "INFO", "name": "GreenEcoHub", "message": "Rollen\u00fcbersicht erfolgreich abgerufen", "user_id": 16, "endpoint": "/admin/userOverview", "method": "GET", "success": true}
{"timestamp": "2023-12-13 01:55:45,435", "level": "INFO", "name": "GreenEcoHub", "message": "Rollen\u00fcbersicht erfolgreich abgerufen", "user_id": 16, "endpoint": "/admin/userOverview", "method": "GET", "success": true}
{"timestamp": "2023-12-13 01:56:03,516", "level": "INFO", "name": "GreenEcoHub", "message": "Rollen\u00fcbersicht erfolgreich abgerufen", "user_id": 16, "endpoint": "/admin/userOverview", "method": "GET", "success": true}
{"timestamp": "2023-12-13 01:57:08,142", "level": "INFO", "name": "GreenEcoHub", "message": "Rollen\u00fcbersicht erfolgreich abgerufen", "user_id": 16, "endpoint": "/admin/userOverview", "method": "GET", "success": true}
{"timestamp": "2023-12-13 01:57:17,012", "level": "INFO", "name": "GreenEcoHub", "message": "Login-\u00dcbersicht erfolgreich abgerufen", "user_id": 16, "endpoint": "/admin/loginOverview", "method": "GET", "success": true}
{"timestamp": "2023-12-13 01:57:36,844", "level": "INFO", "name": "GreenEcoHub", "message": "Erfolgs\u00fcbersicht erfolgreich abgerufen", "user_id": 16, "endpoint": "/admin/successOverview", "method": "GET", "success": true}
{"timestamp": "2023-12-13 01:57:54,062", "level": "INFO", "name": "GreenEcoHub", "message": "Endpoint-\u00dcbersicht erfolgreich abgerufen", "user_id": 16, "endpoint": "/admin/endpointOverview", "method": "GET", "success": true}
{"timestamp": "2023-12-13 01:57:54,082", "level": "INFO", "name": "GreenEcoHub", "message": "Log-\u00dcbersicht erfolgreich abgerufen", "user_id": 16, "endpoint": "/admin/logOverview", "method": "GET", "success": true}
{"timestamp": "2023-12-13 01:58:07,078", "level": "INFO", "name": "GreenEcoHub", "message": "Endpoint-\u00dcbersicht erfolgreich abgerufen", "user_id": 16, "endpoint": "/admin/endpointOverview", "method": "GET", "success": true}
{"timestamp": "2023-12-13 01:58:07,095", "level": "INFO", "name": "GreenEcoHub", "message": "Log-\u00dcbersicht erfolgreich abgerufen", "user_id": 16, "endpoint": "/admin/logOverview", "method": "GET", "success": true}
{"timestamp": "2023-12-13 01:58:22,148", "level": "INFO", "name": "GreenEcoHub", "message": "Endpoint-\u00dcbersicht erfolgreich abgerufen", "user_id": 16, "endpoint": "/admin/endpointOverview", "method": "GET", "success": true}
{"timestamp": "2023-12-13 01:58:22,165", "level": "INFO", "name": "GreenEcoHub", "message": "Log-\u00dcbersicht erfolgreich abgerufen", "user_id": 16, "endpoint": "/admin/logOverview", "method": "GET", "success": true}
{"timestamp": "2023-12-13 01:58:29,467", "level": "INFO", "name": "GreenEcoHub", "message": "Endpoint-\u00dcbersicht erfolgreich abgerufen", "user_id": 16, "endpoint": "/admin/endpointOverview", "method": "GET", "success": true}
{"timestamp": "2023-12-13 01:58:29,480", "level": "INFO", "name": "GreenEcoHub", "message": "Log-\u00dcbersicht erfolgreich abgerufen", "user_id": 16, "endpoint": "/admin/logOverview", "method": "GET", "success": true}
{"timestamp": "2023-12-13 01:58:30,965", "level": "INFO", "name": "GreenEcoHub", "message": "Endpoint-\u00dcbersicht erfolgreich abgerufen", "user_id": 16, "endpoint": "/admin/endpointOverview", "method": "GET", "success": true}
{"timestamp": "2023-12-13 01:58:30,977", "level": "INFO", "name": "GreenEcoHub", "message": "Log-\u00dcbersicht erfolgreich abgerufen", "user_id": 16, "endpoint": "/admin/logOverview", "method": "GET", "success": true}
{"timestamp": "2023-12-13 01:59:11,229", "level": "INFO", "name": "GreenEcoHub", "message": "Endpoint-\u00dcbersicht erfolgreich abgerufen", "user_id": 16, "endpoint": "/admin/endpointOverview", "method": "GET", "success": true}
{"timestamp": "2023-12-13 01:59:11,242", "level": "INFO", "name": "GreenEcoHub", "message": "Log-\u00dcbersicht erfolgreich abgerufen", "user_id": 16, "endpoint": "/admin/logOverview", "method": "GET", "success": true}
{"timestamp": "2023-12-13 01:59:32,718", "level": "INFO", "name": "GreenEcoHub", "message": "Endpoint-\u00dcbersicht erfolgreich abgerufen", "user_id": 16, "endpoint": "/admin/endpointOverview", "method": "GET", "success": true}
{"timestamp": "2023-12-13 01:59:39,515", "level": "INFO", "name": "GreenEcoHub", "message": "Login-\u00dcbersicht erfolgreich abgerufen", "user_id": 16, "endpoint": "/admin/loginOverview", "method": "GET", "success": true}
{"timestamp": "2023-12-13 01:59:48,680", "level": "INFO", "name": "GreenEcoHub", "message": "Log-\u00dcbersicht erfolgreich abgerufen", "user_id": 16, "endpoint": "/admin/logOverview", "method": "GET", "success": true}
{"timestamp": "2023-12-13 02:00:05,134", "level": "INFO", "name": "GreenEcoHub", "message": "Erfolgs\u00fcbersicht erfolgreich abgerufen", "user_id": 16, "endpoint": "/admin/successOverview", "method": "GET", "success": true}
{"timestamp": "2023-12-13 02:00:50,136", "level": "INFO", "name": "GreenEcoHub", "message": "Erfolgs\u00fcbersicht erfolgreich abgerufen", "user_id": 16, "endpoint": "/admin/successOverview", "method": "GET", "success": true}
{"timestamp": "2023-12-13 02:01:19,245", "level": "INFO", "name": "GreenEcoHub", "message": "Log-\u00dcbersicht erfolgreich abgerufen", "user_id": 16, "endpoint": "/admin/logOverview", "method": "GET", "success": true}
{"timestamp": "2023-12-13 02:01:32,406", "level": "INFO", "name": "GreenEcoHub", "message": "Endpoint-\u00dcbersicht erfolgreich abgerufen", "user_id": 16, "endpoint": "/admin/endpointOverview", "method": "GET", "success": true}
{"timestamp": "2023-12-13 02:01:32,479", "level": "INFO", "name": "GreenEcoHub", "message": "Log-\u00dcbersicht erfolgreich abgerufen", "user_id": 16, "endpoint": "/admin/logOverview", "method": "GET", "success": true}
{"timestamp": "2023-12-13 02:01:37,420", "level": "INFO", "name": "GreenEcoHub", "message": "Endpoint-\u00dcbersicht erfolgreich abgerufen", "user_id": 16, "endpoint": "/admin/endpointOverview", "method": "GET", "success": true}
{"timestamp": "2023-12-13 02:01:37,439", "level": "INFO", "name": "GreenEcoHub", "message": "Log-\u00dcbersicht erfolgreich abgerufen", "user_id": 16, "endpoint": "/admin/logOverview", "method": "GET", "success": true}
{"timestamp": "2023-12-13 02:01:47,568", "level": "INFO", "name": "GreenEcoHub", "message": "Endpoint-\u00dcbersicht erfolgreich abgerufen", "user_id": 16, "endpoint": "/admin/endpointOverview", "method": "GET", "success": true}
{"timestamp": "2023-12-13 02:01:47,587", "level": "INFO", "name": "GreenEcoHub", "message": "Log-\u00dcbersicht erfolgreich abgerufen", "user_id": 16, "endpoint": "/admin/logOverview", "method": "GET", "success": true}
{"timestamp": "2023-12-13 02:01:51,987", "level": "INFO", "name": "GreenEcoHub", "message": "Endpoint-\u00dcbersicht erfolgreich abgerufen", "user_id": 16, "endpoint": "/admin/endpointOverview", "method": "GET", "success": true}
{"timestamp": "2023-12-13 02:01:52,005", "level": "INFO", "name": "GreenEcoHub", "message": "Log-\u00dcbersicht erfolgreich abgerufen", "user_id": 16, "endpoint": "/admin/logOverview", "method": "GET", "success": true}
{"timestamp": "2023-12-13 02:01:58,702", "level": "INFO", "name": "GreenEcoHub", "message": "Endpoint-\u00dcbersicht erfolgreich abgerufen", "user_id": 16, "endpoint": "/admin/endpointOverview", "method": "GET", "success": true}
{"timestamp": "2023-12-13 02:01:58,718", "level": "INFO", "name": "GreenEcoHub", "message": "Log-\u00dcbersicht erfolgreich abgerufen", "user_id": 16, "endpoint": "/admin/logOverview", "method": "GET", "success": true}
{"timestamp": "2023-12-13 02:02:09,066", "level": "INFO", "name": "GreenEcoHub", "message": "Endpoint-\u00dcbersicht erfolgreich abgerufen", "user_id": 16, "endpoint": "/admin/endpointOverview", "method": "GET", "success": true}
{"timestamp": "2023-12-13 02:02:09,082", "level": "INFO", "name": "GreenEcoHub", "message": "Log-\u00dcbersicht erfolgreich abgerufen", "user_id": 16, "endpoint": "/admin/logOverview", "method": "GET", "success": true}
{"timestamp": "2023-12-13 02:02:45,503", "level": "INFO", "name": "GreenEcoHub", "message": "Erfolgs\u00fcbersicht erfolgreich abgerufen", "user_id": 16, "endpoint": "/admin/successOverview", "method": "GET", "success": true}
{"timestamp": "2023-12-13 02:02:56,821", "level": "INFO", "name": "GreenEcoHub", "message": "Endpoint-\u00dcbersicht erfolgreich abgerufen", "user_id": 16, "endpoint": "/admin/endpointOverview", "method": "GET", "success": true}
{"timestamp": "2023-12-13 02:02:56,834", "level": "INFO", "name": "GreenEcoHub", "message": "Log-\u00dcbersicht erfolgreich abgerufen", "user_id": 16, "endpoint": "/admin/logOverview", "method": "GET", "success": true}
{"timestamp": "2023-12-13 02:02:56,858", "level": "INFO", "name": "GreenEcoHub", "message": "Erfolgs\u00fcbersicht erfolgreich abgerufen", "user_id": 16, "endpoint": "/admin/successOverview", "method": "GET", "success": true}
{"timestamp": "2023-12-13 02:03:31,064", "level": "INFO", "name": "GreenEcoHub", "message": "Endpoint-\u00dcbersicht erfolgreich abgerufen", "user_id": 16, "endpoint": "/admin/endpointOverview", "method": "GET", "success": true}
{"timestamp": "2023-12-13 02:03:31,092", "level": "INFO", "name": "GreenEcoHub", "message": "Log-\u00dcbersicht erfolgreich abgerufen", "user_id": 16, "endpoint": "/admin/logOverview", "method": "GET", "success": true}
{"timestamp": "2023-12-13 02:03:31,155", "level": "INFO", "name": "GreenEcoHub", "message": "Erfolgs\u00fcbersicht erfolgreich abgerufen", "user_id": 16, "endpoint": "/admin/successOverview", "method": "GET", "success": true}
{"timestamp": "2023-12-13 02:03:34,959", "level": "INFO", "name": "GreenEcoHub", "message": "Endpoint-\u00dcbersicht erfolgreich abgerufen", "user_id": 16, "endpoint": "/admin/endpointOverview", "method": "GET", "success": true}
{"timestamp": "2023-12-13 02:03:34,974", "level": "INFO", "name": "GreenEcoHub", "message": "Log-\u00dcbersicht erfolgreich abgerufen", "user_id": 16, "endpoint": "/admin/logOverview", "method": "GET", "success": true}
{"timestamp": "2023-12-13 02:03:34,993", "level": "INFO", "name": "GreenEcoHub", "message": "Erfolgs\u00fcbersicht erfolgreich abgerufen", "user_id": 16, "endpoint": "/admin/successOverview", "method": "GET", "success": true}
{"timestamp": "2023-12-13 02:05:23,666", "level": "INFO", "name": "GreenEcoHub", "message": "Endpoint-\u00dcbersicht erfolgreich abgerufen", "user_id": 16, "endpoint": "/admin/endpointOverview", "method": "GET", "success": true}
{"timestamp": "2023-12-13 02:05:23,686", "level": "INFO", "name": "GreenEcoHub", "message": "Log-\u00dcbersicht erfolgreich abgerufen", "user_id": 16, "endpoint": "/admin/logOverview", "method": "GET", "success": true}
{"timestamp": "2023-12-13 02:05:23,707", "level": "INFO", "name": "GreenEcoHub", "message": "Erfolgs\u00fcbersicht erfolgreich abgerufen", "user_id": 16, "endpoint": "/admin/successOverview", "method": "GET", "success": true}
{"timestamp": "2023-12-13 02:05:49,978", "level": "INFO", "name": "GreenEcoHub", "message": "Endpoint-\u00dcbersicht erfolgreich abgerufen", "user_id": 16, "endpoint": "/admin/endpointOverview", "method": "GET", "success": true}
{"timestamp": "2023-12-13 02:05:50,005", "level": "INFO", "name": "GreenEcoHub", "message": "Log-\u00dcbersicht erfolgreich abgerufen", "user_id": 16, "endpoint": "/admin/logOverview", "method": "GET", "success": true}
{"timestamp": "2023-12-13 02:05:50,029", "level": "INFO", "name": "GreenEcoHub", "message": "Erfolgs\u00fcbersicht erfolgreich abgerufen", "user_id": 16, "endpoint": "/admin/successOverview", "method": "GET", "success": true}
